<?xml version="1.0" encoding="UTF-8"?>
<!-- Generated by org.testng.reporters.JUnitReportReporter -->
<testsuite hostname="DESKTOP-KGA5RIH" failures="0" tests="1" name="TestOne" time="0.004" errors="0" timestamp="2022-05-14T11:03:34 EEST" skipped="0">
  <testcase classname="TestOne" name="doit" time="0.004"/>
  <system-out/>
</testsuite> <!-- TestOne -->
